<?xml version="1.0" encoding="utf-8"?><testsuites name="pytest tests"><testsuite name="pytest" errors="0" failures="0" skipped="0" tests="10" time="1.300" timestamp="2026-06-06T15:50:10.667927+00:00" hostname="agent-env-dee901dd-e495-4b3d-bfe9-733c2094bc3d"><testcase classname="backend.tests.test_widget.TestGetWidget" name="test_get_widget_returns_default" time="0.315" /><testcase classname="backend.tests.test_widget.TestGetWidget" name="test_target_date_approximately_correct" time="0.049" /><testcase classname="backend.tests.test_widget.TestGetWidget" name="test_target_date_persists_across_calls" time="0.111" /><testcase classname="backend.tests.test_widget.TestUpdateShifts" name="test_update_shifts_success_and_persists" time="0.099" /><testcase classname="backend.tests.test_widget.TestUpdateShifts" name="test_update_shifts_to_zero" time="0.062" /><testcase classname="backend.tests.test_widget.TestUpdateShifts" name="test_update_shifts_negative_rejected" time="0.048" /><testcase classname="backend.tests.test_widget.TestUpdateShifts" name="test_update_shifts_target_date_unchanged" time="0.156" /><testcase classname="backend.tests.test_widget.TestResetWidget" name="test_reset_sets_shifts_to_1025" time="0.162" /><testcase classname="backend.tests.test_widget.TestResetWidget" name="test_reset_creates_fresh_target_date" time="0.050" /><testcase classname="backend.tests.test_widget.TestResponseShape" name="test_no_mongo_id_in_response" time="0.048" /></testsuite></testsuites>